-- The C compiler identification is GNU 11.4.0
-- The CXX compiler identification is GNU 11.4.0
-- Detecting C compiler ABI info
-- Detecting C compiler ABI info - done
-- Check for working C compiler: /usr/bin/cc - skipped
-- Detecting C compile features
-- Detecting C compile features - done
-- Detecting CXX compiler ABI info
-- Detecting CXX compiler ABI info - done
-- Check for working CXX compiler: /usr/bin/c++ - skipped
-- Detecting CXX compile features
-- Detecting CXX compile features - done
-- Found ament_cmake: 1.3.6 (/opt/ros/humble/share/ament_cmake/cmake)
-- Found Python3: /usr/bin/python3.10 (found version "3.10.12") found components: Interpreter 
-- Found rclcpp: 16.0.7 (/opt/ros/humble/share/rclcpp/cmake)
-- Found rosidl_generator_c: 3.1.5 (/opt/ros/humble/share/rosidl_generator_c/cmake)
-- Found rosidl_adapter: 3.1.5 (/opt/ros/humble/share/rosidl_adapter/cmake)
-- Found rosidl_generator_cpp: 3.1.5 (/opt/ros/humble/share/rosidl_generator_cpp/cmake)
-- Using all available rosidl_typesupport_c: rosidl_typesupport_fastrtps_c;rosidl_typesupport_introspection_c
-- Using all available rosidl_typesupport_cpp: rosidl_typesupport_fastrtps_cpp;rosidl_typesupport_introspection_cpp
-- Found rmw_implementation_cmake: 6.1.1 (/opt/ros/humble/share/rmw_implementation_cmake/cmake)
-- Found rmw_cyclonedds_cpp: 1.3.4 (/opt/ros/humble/share/rmw_cyclonedds_cpp/cmake)
-- Using RMW implementation 'rmw_cyclonedds_cpp' as default
-- Looking for pthread.h
-- Looking for pthread.h - found
-- Performing Test CMAKE_HAVE_LIBC_PTHREAD
-- Performing Test CMAKE_HAVE_LIBC_PTHREAD - Success
-- Found Threads: TRUE  
-- Found rclcpp_action: 16.0.7 (/opt/ros/humble/share/rclcpp_action/cmake)
-- Found geometry_msgs: 4.2.3 (/opt/ros/humble/share/geometry_msgs/cmake)
-- Found nav2_msgs: 1.1.12 (/opt/ros/humble/share/nav2_msgs/cmake)
-- Found Doxygen: /usr/bin/doxygen (found version "1.9.1") found components: doxygen dot 
-- Found ament_cmake_gtest: 1.3.6 (/opt/ros/humble/share/ament_cmake_gtest/cmake)
-- Found gtest sources under '/opt/ros/humble/src/gtest_vendor': C++ tests using 'Google Test' will be built
-- Configuring done
-- Generating done
-- Build files have been written to: /home/tej/Documents/CNH/DockerImages/glxgears/code/warehouse_autonomous_robo_picker/build/ropiapp
[ 18%] [32mBuilding CXX object CMakeFiles/pick_place_task.dir/src/GoalManager.cpp.o[0m
[ 18%] [32mBuilding CXX object CMakeFiles/pick_place_task.dir/src/Context.cpp.o[0m
[ 27%] [32mBuilding CXX object CMakeFiles/pick_place_task.dir/src/Constants.cpp.o[0m
[ 36%] [32mBuilding CXX object gtest/CMakeFiles/gtest.dir/src/gtest-all.cc.o[0m
[ 45%] [32mBuilding CXX object gtest/CMakeFiles/gtest_main.dir/src/gtest_main.cc.o[0m
[ 54%] [32m[1mLinking CXX static library libgtest_main.a[0m
[ 54%] Built target gtest_main
[ 63%] [32m[1mLinking CXX static library libgtest.a[0m
[ 63%] Built target gtest
[ 72%] [32mBuilding CXX object CMakeFiles/ropiapp_test.dir/test/main.cpp.o[0m
[ 81%] [32mBuilding CXX object CMakeFiles/ropiapp_test.dir/test/test_level_1.cpp.o[0m
[ 90%] [32m[1mLinking CXX executable pick_place_task[0m
[ 90%] Built target pick_place_task
[100%] [32m[1mLinking CXX executable ropiapp_test[0m
[100%] Built target ropiapp_test
-- Install configuration: ""
-- Installing: /home/tej/Documents/CNH/DockerImages/glxgears/code/warehouse_autonomous_robo_picker/install/ropiapp/lib/ropiapp/pick_place_task
-- Set runtime path of "/home/tej/Documents/CNH/DockerImages/glxgears/code/warehouse_autonomous_robo_picker/install/ropiapp/lib/ropiapp/pick_place_task" to ""
-- Installing: /home/tej/Documents/CNH/DockerImages/glxgears/code/warehouse_autonomous_robo_picker/install/ropiapp/share/ament_index/resource_index/package_run_dependencies/ropiapp
-- Installing: /home/tej/Documents/CNH/DockerImages/glxgears/code/warehouse_autonomous_robo_picker/install/ropiapp/share/ament_index/resource_index/parent_prefix_path/ropiapp
-- Installing: /home/tej/Documents/CNH/DockerImages/glxgears/code/warehouse_autonomous_robo_picker/install/ropiapp/share/ropiapp/environment/ament_prefix_path.sh
-- Installing: /home/tej/Documents/CNH/DockerImages/glxgears/code/warehouse_autonomous_robo_picker/install/ropiapp/share/ropiapp/environment/ament_prefix_path.dsv
-- Installing: /home/tej/Documents/CNH/DockerImages/glxgears/code/warehouse_autonomous_robo_picker/install/ropiapp/share/ropiapp/environment/path.sh
-- Installing: /home/tej/Documents/CNH/DockerImages/glxgears/code/warehouse_autonomous_robo_picker/install/ropiapp/share/ropiapp/environment/path.dsv
-- Installing: /home/tej/Documents/CNH/DockerImages/glxgears/code/warehouse_autonomous_robo_picker/install/ropiapp/share/ropiapp/local_setup.bash
-- Installing: /home/tej/Documents/CNH/DockerImages/glxgears/code/warehouse_autonomous_robo_picker/install/ropiapp/share/ropiapp/local_setup.sh
-- Installing: /home/tej/Documents/CNH/DockerImages/glxgears/code/warehouse_autonomous_robo_picker/install/ropiapp/share/ropiapp/local_setup.zsh
-- Installing: /home/tej/Documents/CNH/DockerImages/glxgears/code/warehouse_autonomous_robo_picker/install/ropiapp/share/ropiapp/local_setup.dsv
-- Installing: /home/tej/Documents/CNH/DockerImages/glxgears/code/warehouse_autonomous_robo_picker/install/ropiapp/share/ropiapp/package.dsv
-- Installing: /home/tej/Documents/CNH/DockerImages/glxgears/code/warehouse_autonomous_robo_picker/install/ropiapp/share/ament_index/resource_index/packages/ropiapp
-- Installing: /home/tej/Documents/CNH/DockerImages/glxgears/code/warehouse_autonomous_robo_picker/install/ropiapp/share/ropiapp/cmake/ropiappConfig.cmake
-- Installing: /home/tej/Documents/CNH/DockerImages/glxgears/code/warehouse_autonomous_robo_picker/install/ropiapp/share/ropiapp/cmake/ropiappConfig-version.cmake
-- Installing: /home/tej/Documents/CNH/DockerImages/glxgears/code/warehouse_autonomous_robo_picker/install/ropiapp/share/ropiapp/package.xml
