[0.173s] Invoking command in '/home/tej/Documents/CNH/DockerImages/glxgears/code/warehouse_autonomous_robo_picker/build/ros2_aruco_interfaces': CMAKE_PREFIX_PATH=/opt/ros/humble /usr/bin/cmake /home/tej/Documents/CNH/DockerImages/glxgears/code/warehouse_autonomous_robo_picker/src/ros2_aruco_interfaces -DCMAKE_INSTALL_PREFIX=/home/tej/Documents/CNH/DockerImages/glxgears/code/warehouse_autonomous_robo_picker/install/ros2_aruco_interfaces
[0.199s] -- The C compiler identification is GNU 11.4.0
[0.227s] -- The CXX compiler identification is GNU 11.4.0
[0.231s] -- Detecting C compiler ABI info
[0.266s] -- Detecting C compiler ABI info - done
[0.270s] -- Check for working C compiler: /usr/bin/cc - skipped
[0.270s] -- Detecting C compile features
[0.270s] -- Detecting C compile features - done
[0.272s] -- Detecting CXX compiler ABI info
[0.313s] -- Detecting CXX compiler ABI info - done
[0.316s] -- Check for working CXX compiler: /usr/bin/c++ - skipped
[0.316s] -- Detecting CXX compile features
[0.317s] -- Detecting CXX compile features - done
[0.318s] -- Found ament_cmake: 1.3.6 (/opt/ros/humble/share/ament_cmake/cmake)
[0.409s] -- Found Python3: /usr/bin/python3.10 (found version "3.10.12") found components: Interpreter 
[0.456s] -- Found geometry_msgs: 4.2.3 (/opt/ros/humble/share/geometry_msgs/cmake)
[0.477s] -- Found rosidl_generator_c: 3.1.5 (/opt/ros/humble/share/rosidl_generator_c/cmake)
[0.479s] -- Found rosidl_adapter: 3.1.5 (/opt/ros/humble/share/rosidl_adapter/cmake)
[0.484s] -- Found rosidl_generator_cpp: 3.1.5 (/opt/ros/humble/share/rosidl_generator_cpp/cmake)
[0.491s] -- Using all available rosidl_typesupport_c: rosidl_typesupport_fastrtps_c;rosidl_typesupport_introspection_c
[0.501s] -- Using all available rosidl_typesupport_cpp: rosidl_typesupport_fastrtps_cpp;rosidl_typesupport_introspection_cpp
[0.568s] -- Found rosidl_default_generators: 1.2.0 (/opt/ros/humble/share/rosidl_default_generators/cmake)
[0.715s] -- Found ament_cmake_ros: 0.10.0 (/opt/ros/humble/share/ament_cmake_ros/cmake)
[0.916s] -- Using all available rosidl_typesupport_c: rosidl_typesupport_fastrtps_c;rosidl_typesupport_introspection_c
[0.998s] -- Using all available rosidl_typesupport_cpp: rosidl_typesupport_fastrtps_cpp;rosidl_typesupport_introspection_cpp
[1.011s] -- Found PythonInterp: /usr/bin/python3 (found suitable version "3.10.12", minimum required is "3.6") 
[1.012s] -- Found python_cmake_module: 0.10.0 (/opt/ros/humble/share/python_cmake_module/cmake)
[1.026s] -- Found PythonLibs: /usr/lib/x86_64-linux-gnu/libpython3.10.so (found suitable version "3.10.12", minimum required is "3.5") 
[1.026s] -- Using PYTHON_EXECUTABLE: /usr/bin/python3
[1.027s] -- Using PYTHON_INCLUDE_DIRS: /usr/include/python3.10
[1.027s] -- Using PYTHON_LIBRARIES: /usr/lib/x86_64-linux-gnu/libpython3.10.so
[1.037s] -- Found PythonExtra: .so  
[1.066s] -- Found ament_lint_auto: 0.12.9 (/opt/ros/humble/share/ament_lint_auto/cmake)
[1.076s] -- Added test 'copyright' to check source files copyright and LICENSE
[1.076s] -- Added test 'lint_cmake' to check CMake code style
[1.077s] -- Added test 'xmllint' to check XML markup files
[1.078s] -- Configuring done
[1.093s] -- Generating done
[1.094s] -- Build files have been written to: /home/tej/Documents/CNH/DockerImages/glxgears/code/warehouse_autonomous_robo_picker/build/ros2_aruco_interfaces
[1.101s] Invoked command in '/home/tej/Documents/CNH/DockerImages/glxgears/code/warehouse_autonomous_robo_picker/build/ros2_aruco_interfaces' returned '0': CMAKE_PREFIX_PATH=/opt/ros/humble /usr/bin/cmake /home/tej/Documents/CNH/DockerImages/glxgears/code/warehouse_autonomous_robo_picker/src/ros2_aruco_interfaces -DCMAKE_INSTALL_PREFIX=/home/tej/Documents/CNH/DockerImages/glxgears/code/warehouse_autonomous_robo_picker/install/ros2_aruco_interfaces
[1.101s] Invoking command in '/home/tej/Documents/CNH/DockerImages/glxgears/code/warehouse_autonomous_robo_picker/build/ros2_aruco_interfaces': CMAKE_PREFIX_PATH=/opt/ros/humble /usr/bin/cmake --build /home/tej/Documents/CNH/DockerImages/glxgears/code/warehouse_autonomous_robo_picker/build/ros2_aruco_interfaces -- -j32 -l32
[1.124s] [  3%] [34m[1mGenerating C code for ROS interfaces[0m
[1.127s] [  6%] [34m[1mGenerating C++ code for ROS interfaces[0m
[1.131s] [  6%] Built target ament_cmake_python_copy_ros2_aruco_interfaces
[1.250s] running egg_info
[1.250s] creating ros2_aruco_interfaces.egg-info
[1.250s] writing ros2_aruco_interfaces.egg-info/PKG-INFO
[1.250s] writing dependency_links to ros2_aruco_interfaces.egg-info/dependency_links.txt
[1.250s] writing top-level names to ros2_aruco_interfaces.egg-info/top_level.txt
[1.250s] writing manifest file 'ros2_aruco_interfaces.egg-info/SOURCES.txt'
[1.251s] reading manifest file 'ros2_aruco_interfaces.egg-info/SOURCES.txt'
[1.251s] [  6%] Built target ros2_aruco_interfaces__cpp
[1.251s] writing manifest file 'ros2_aruco_interfaces.egg-info/SOURCES.txt'
[1.257s] [ 12%] [34m[1mGenerating C++ type support dispatch for ROS interfaces[0m
[1.257s] [ 19%] [32mBuilding C object CMakeFiles/ros2_aruco_interfaces__rosidl_generator_c.dir/rosidl_generator_c/ros2_aruco_interfaces/msg/detail/aruco_markers__functions.c.o[0m
[1.257s] [ 19%] [34m[1mGenerating C++ introspection for ROS interfaces[0m
[1.257s] [ 19%] [34m[1mGenerating C++ type support for eProsima Fast-RTPS[0m
[1.270s] [ 19%] Built target ament_cmake_python_build_ros2_aruco_interfaces_egg
[1.284s] [ 22%] [32m[1mLinking C shared library libros2_aruco_interfaces__rosidl_generator_c.so[0m
[1.305s] [ 22%] Built target ros2_aruco_interfaces__rosidl_generator_c
[1.312s] [ 32%] [34m[1mGenerating C type support dispatch for ROS interfaces[0m
[1.312s] [ 32%] [34m[1mGenerating C introspection for ROS interfaces[0m
[1.312s] [ 32%] [34m[1mGenerating C type support for eProsima Fast-RTPS[0m
[1.382s] [ 35%] [32mBuilding CXX object CMakeFiles/ros2_aruco_interfaces__rosidl_typesupport_cpp.dir/rosidl_typesupport_cpp/ros2_aruco_interfaces/msg/aruco_markers__type_support.cpp.o[0m
[1.389s] [ 38%] [32mBuilding CXX object CMakeFiles/ros2_aruco_interfaces__rosidl_typesupport_fastrtps_cpp.dir/rosidl_typesupport_fastrtps_cpp/ros2_aruco_interfaces/msg/detail/dds_fastrtps/aruco_markers__type_support.cpp.o[0m
[1.389s] [ 41%] [32mBuilding CXX object CMakeFiles/ros2_aruco_interfaces__rosidl_typesupport_introspection_cpp.dir/rosidl_typesupport_introspection_cpp/ros2_aruco_interfaces/msg/detail/aruco_markers__type_support.cpp.o[0m
[1.435s] [ 45%] [32mBuilding CXX object CMakeFiles/ros2_aruco_interfaces__rosidl_typesupport_c.dir/rosidl_typesupport_c/ros2_aruco_interfaces/msg/aruco_markers__type_support.cpp.o[0m
[1.444s] [ 51%] [32mBuilding C object CMakeFiles/ros2_aruco_interfaces__rosidl_typesupport_introspection_c.dir/rosidl_typesupport_introspection_c/ros2_aruco_interfaces/msg/detail/aruco_markers__type_support.c.o[0m
[1.444s] [ 51%] [32mBuilding CXX object CMakeFiles/ros2_aruco_interfaces__rosidl_typesupport_fastrtps_c.dir/rosidl_typesupport_fastrtps_c/ros2_aruco_interfaces/msg/detail/aruco_markers__type_support_c.cpp.o[0m
[1.452s] [ 54%] [32m[1mLinking CXX shared library libros2_aruco_interfaces__rosidl_typesupport_c.so[0m
[1.466s] [ 58%] [32m[1mLinking C shared library libros2_aruco_interfaces__rosidl_typesupport_introspection_c.so[0m
[1.474s] [ 58%] Built target ros2_aruco_interfaces__rosidl_typesupport_c
[1.483s] [ 58%] Built target ros2_aruco_interfaces__rosidl_typesupport_introspection_c
[1.523s] [ 61%] [32m[1mLinking CXX shared library libros2_aruco_interfaces__rosidl_typesupport_cpp.so[0m
[1.544s] [ 61%] Built target ros2_aruco_interfaces__rosidl_typesupport_cpp
[1.610s] [ 64%] [32m[1mLinking CXX shared library libros2_aruco_interfaces__rosidl_typesupport_fastrtps_c.so[0m
[1.616s] [ 67%] [32m[1mLinking CXX shared library libros2_aruco_interfaces__rosidl_typesupport_introspection_cpp.so[0m
[1.637s] [ 70%] [32m[1mLinking CXX shared library libros2_aruco_interfaces__rosidl_typesupport_fastrtps_cpp.so[0m
[1.650s] [ 70%] Built target ros2_aruco_interfaces__rosidl_typesupport_fastrtps_c
[1.655s] [ 70%] Built target ros2_aruco_interfaces__rosidl_typesupport_introspection_cpp
[1.678s] [ 70%] Built target ros2_aruco_interfaces__rosidl_typesupport_fastrtps_cpp
[1.690s] [ 70%] Built target ros2_aruco_interfaces
[1.701s] [ 74%] [34m[1mGenerating Python code for ROS interfaces[0m
[1.853s] [ 74%] Built target ros2_aruco_interfaces__py
[1.862s] [ 77%] [32mBuilding C object CMakeFiles/ros2_aruco_interfaces__rosidl_generator_py.dir/rosidl_generator_py/ros2_aruco_interfaces/msg/_aruco_markers_s.c.o[0m
[1.917s] [ 80%] [32m[1mLinking C shared library rosidl_generator_py/ros2_aruco_interfaces/libros2_aruco_interfaces__rosidl_generator_py.so[0m
[1.938s] [ 80%] Built target ros2_aruco_interfaces__rosidl_generator_py
[1.949s] [ 83%] [32mBuilding C object CMakeFiles/ros2_aruco_interfaces__rosidl_typesupport_introspection_c__pyext.dir/rosidl_generator_py/ros2_aruco_interfaces/_ros2_aruco_interfaces_s.ep.rosidl_typesupport_introspection_c.c.o[0m
[1.950s] [ 90%] [32mBuilding C object CMakeFiles/ros2_aruco_interfaces__rosidl_typesupport_c__pyext.dir/rosidl_generator_py/ros2_aruco_interfaces/_ros2_aruco_interfaces_s.ep.rosidl_typesupport_c.c.o[0m
[1.950s] [ 90%] [32mBuilding C object CMakeFiles/ros2_aruco_interfaces__rosidl_typesupport_fastrtps_c__pyext.dir/rosidl_generator_py/ros2_aruco_interfaces/_ros2_aruco_interfaces_s.ep.rosidl_typesupport_fastrtps_c.c.o[0m
[1.999s] [ 93%] [32m[1mLinking C shared library rosidl_generator_py/ros2_aruco_interfaces/ros2_aruco_interfaces_s__rosidl_typesupport_c.cpython-310-x86_64-linux-gnu.so[0m
[1.999s] [100%] [32m[1mLinking C shared library rosidl_generator_py/ros2_aruco_interfaces/ros2_aruco_interfaces_s__rosidl_typesupport_fastrtps_c.cpython-310-x86_64-linux-gnu.so[0m
[1.999s] [100%] [32m[1mLinking C shared library rosidl_generator_py/ros2_aruco_interfaces/ros2_aruco_interfaces_s__rosidl_typesupport_introspection_c.cpython-310-x86_64-linux-gnu.so[0m
[2.021s] [100%] Built target ros2_aruco_interfaces__rosidl_typesupport_fastrtps_c__pyext
[2.021s] [100%] Built target ros2_aruco_interfaces__rosidl_typesupport_introspection_c__pyext
[2.021s] [100%] Built target ros2_aruco_interfaces__rosidl_typesupport_c__pyext
[2.027s] Invoked command in '/home/tej/Documents/CNH/DockerImages/glxgears/code/warehouse_autonomous_robo_picker/build/ros2_aruco_interfaces' returned '0': CMAKE_PREFIX_PATH=/opt/ros/humble /usr/bin/cmake --build /home/tej/Documents/CNH/DockerImages/glxgears/code/warehouse_autonomous_robo_picker/build/ros2_aruco_interfaces -- -j32 -l32
[2.051s] Invoking command in '/home/tej/Documents/CNH/DockerImages/glxgears/code/warehouse_autonomous_robo_picker/build/ros2_aruco_interfaces': CMAKE_PREFIX_PATH=/opt/ros/humble /usr/bin/cmake --install /home/tej/Documents/CNH/DockerImages/glxgears/code/warehouse_autonomous_robo_picker/build/ros2_aruco_interfaces
[2.055s] -- Install configuration: ""
[2.055s] -- Installing: /home/tej/Documents/CNH/DockerImages/glxgears/code/warehouse_autonomous_robo_picker/install/ros2_aruco_interfaces/share/ament_index/resource_index/rosidl_interfaces/ros2_aruco_interfaces
[2.055s] -- Installing: /home/tej/Documents/CNH/DockerImages/glxgears/code/warehouse_autonomous_robo_picker/install/ros2_aruco_interfaces/include/ros2_aruco_interfaces/ros2_aruco_interfaces
[2.055s] -- Installing: /home/tej/Documents/CNH/DockerImages/glxgears/code/warehouse_autonomous_robo_picker/install/ros2_aruco_interfaces/include/ros2_aruco_interfaces/ros2_aruco_interfaces/msg
[2.055s] -- Installing: /home/tej/Documents/CNH/DockerImages/glxgears/code/warehouse_autonomous_robo_picker/install/ros2_aruco_interfaces/include/ros2_aruco_interfaces/ros2_aruco_interfaces/msg/detail
[2.055s] -- Installing: /home/tej/Documents/CNH/DockerImages/glxgears/code/warehouse_autonomous_robo_picker/install/ros2_aruco_interfaces/include/ros2_aruco_interfaces/ros2_aruco_interfaces/msg/detail/aruco_markers__functions.h
[2.055s] -- Installing: /home/tej/Documents/CNH/DockerImages/glxgears/code/warehouse_autonomous_robo_picker/install/ros2_aruco_interfaces/include/ros2_aruco_interfaces/ros2_aruco_interfaces/msg/detail/aruco_markers__functions.c
[2.055s] -- Installing: /home/tej/Documents/CNH/DockerImages/glxgears/code/warehouse_autonomous_robo_picker/install/ros2_aruco_interfaces/include/ros2_aruco_interfaces/ros2_aruco_interfaces/msg/detail/aruco_markers__struct.h
[2.055s] -- Installing: /home/tej/Documents/CNH/DockerImages/glxgears/code/warehouse_autonomous_robo_picker/install/ros2_aruco_interfaces/include/ros2_aruco_interfaces/ros2_aruco_interfaces/msg/detail/aruco_markers__type_support.h
[2.055s] -- Installing: /home/tej/Documents/CNH/DockerImages/glxgears/code/warehouse_autonomous_robo_picker/install/ros2_aruco_interfaces/include/ros2_aruco_interfaces/ros2_aruco_interfaces/msg/aruco_markers.h
[2.055s] -- Installing: /home/tej/Documents/CNH/DockerImages/glxgears/code/warehouse_autonomous_robo_picker/install/ros2_aruco_interfaces/include/ros2_aruco_interfaces/ros2_aruco_interfaces/msg/rosidl_generator_c__visibility_control.h
[2.055s] -- Installing: /home/tej/Documents/CNH/DockerImages/glxgears/code/warehouse_autonomous_robo_picker/install/ros2_aruco_interfaces/share/ros2_aruco_interfaces/environment/library_path.sh
[2.055s] -- Installing: /home/tej/Documents/CNH/DockerImages/glxgears/code/warehouse_autonomous_robo_picker/install/ros2_aruco_interfaces/share/ros2_aruco_interfaces/environment/library_path.dsv
[2.056s] -- Installing: /home/tej/Documents/CNH/DockerImages/glxgears/code/warehouse_autonomous_robo_picker/install/ros2_aruco_interfaces/lib/libros2_aruco_interfaces__rosidl_generator_c.so
[2.056s] -- Set runtime path of "/home/tej/Documents/CNH/DockerImages/glxgears/code/warehouse_autonomous_robo_picker/install/ros2_aruco_interfaces/lib/libros2_aruco_interfaces__rosidl_generator_c.so" to ""
[2.056s] -- Up-to-date: /home/tej/Documents/CNH/DockerImages/glxgears/code/warehouse_autonomous_robo_picker/install/ros2_aruco_interfaces/include/ros2_aruco_interfaces/ros2_aruco_interfaces
[2.056s] -- Up-to-date: /home/tej/Documents/CNH/DockerImages/glxgears/code/warehouse_autonomous_robo_picker/install/ros2_aruco_interfaces/include/ros2_aruco_interfaces/ros2_aruco_interfaces/msg
[2.056s] -- Installing: /home/tej/Documents/CNH/DockerImages/glxgears/code/warehouse_autonomous_robo_picker/install/ros2_aruco_interfaces/include/ros2_aruco_interfaces/ros2_aruco_interfaces/msg/rosidl_typesupport_fastrtps_c__visibility_control.h
[2.056s] -- Up-to-date: /home/tej/Documents/CNH/DockerImages/glxgears/code/warehouse_autonomous_robo_picker/install/ros2_aruco_interfaces/include/ros2_aruco_interfaces/ros2_aruco_interfaces/msg/detail
[2.056s] -- Installing: /home/tej/Documents/CNH/DockerImages/glxgears/code/warehouse_autonomous_robo_picker/install/ros2_aruco_interfaces/include/ros2_aruco_interfaces/ros2_aruco_interfaces/msg/detail/aruco_markers__rosidl_typesupport_fastrtps_c.h
[2.056s] -- Installing: /home/tej/Documents/CNH/DockerImages/glxgears/code/warehouse_autonomous_robo_picker/install/ros2_aruco_interfaces/lib/libros2_aruco_interfaces__rosidl_typesupport_fastrtps_c.so
[2.056s] -- Set runtime path of "/home/tej/Documents/CNH/DockerImages/glxgears/code/warehouse_autonomous_robo_picker/install/ros2_aruco_interfaces/lib/libros2_aruco_interfaces__rosidl_typesupport_fastrtps_c.so" to ""
[2.056s] -- Up-to-date: /home/tej/Documents/CNH/DockerImages/glxgears/code/warehouse_autonomous_robo_picker/install/ros2_aruco_interfaces/include/ros2_aruco_interfaces/ros2_aruco_interfaces
[2.056s] -- Up-to-date: /home/tej/Documents/CNH/DockerImages/glxgears/code/warehouse_autonomous_robo_picker/install/ros2_aruco_interfaces/include/ros2_aruco_interfaces/ros2_aruco_interfaces/msg
[2.056s] -- Installing: /home/tej/Documents/CNH/DockerImages/glxgears/code/warehouse_autonomous_robo_picker/install/ros2_aruco_interfaces/include/ros2_aruco_interfaces/ros2_aruco_interfaces/msg/aruco_markers.hpp
[2.056s] -- Up-to-date: /home/tej/Documents/CNH/DockerImages/glxgears/code/warehouse_autonomous_robo_picker/install/ros2_aruco_interfaces/include/ros2_aruco_interfaces/ros2_aruco_interfaces/msg/detail
[2.056s] -- Installing: /home/tej/Documents/CNH/DockerImages/glxgears/code/warehouse_autonomous_robo_picker/install/ros2_aruco_interfaces/include/ros2_aruco_interfaces/ros2_aruco_interfaces/msg/detail/aruco_markers__struct.hpp
[2.056s] -- Installing: /home/tej/Documents/CNH/DockerImages/glxgears/code/warehouse_autonomous_robo_picker/install/ros2_aruco_interfaces/include/ros2_aruco_interfaces/ros2_aruco_interfaces/msg/detail/aruco_markers__builder.hpp
[2.056s] -- Installing: /home/tej/Documents/CNH/DockerImages/glxgears/code/warehouse_autonomous_robo_picker/install/ros2_aruco_interfaces/include/ros2_aruco_interfaces/ros2_aruco_interfaces/msg/detail/aruco_markers__traits.hpp
[2.056s] -- Up-to-date: /home/tej/Documents/CNH/DockerImages/glxgears/code/warehouse_autonomous_robo_picker/install/ros2_aruco_interfaces/include/ros2_aruco_interfaces/ros2_aruco_interfaces
[2.056s] -- Up-to-date: /home/tej/Documents/CNH/DockerImages/glxgears/code/warehouse_autonomous_robo_picker/install/ros2_aruco_interfaces/include/ros2_aruco_interfaces/ros2_aruco_interfaces/msg
[2.056s] -- Up-to-date: /home/tej/Documents/CNH/DockerImages/glxgears/code/warehouse_autonomous_robo_picker/install/ros2_aruco_interfaces/include/ros2_aruco_interfaces/ros2_aruco_interfaces/msg/detail
[2.056s] -- Installing: /home/tej/Documents/CNH/DockerImages/glxgears/code/warehouse_autonomous_robo_picker/install/ros2_aruco_interfaces/include/ros2_aruco_interfaces/ros2_aruco_interfaces/msg/detail/dds_fastrtps
[2.056s] -- Installing: /home/tej/Documents/CNH/DockerImages/glxgears/code/warehouse_autonomous_robo_picker/install/ros2_aruco_interfaces/include/ros2_aruco_interfaces/ros2_aruco_interfaces/msg/detail/aruco_markers__rosidl_typesupport_fastrtps_cpp.hpp
[2.056s] -- Installing: /home/tej/Documents/CNH/DockerImages/glxgears/code/warehouse_autonomous_robo_picker/install/ros2_aruco_interfaces/include/ros2_aruco_interfaces/ros2_aruco_interfaces/msg/rosidl_typesupport_fastrtps_cpp__visibility_control.h
[2.057s] -- Installing: /home/tej/Documents/CNH/DockerImages/glxgears/code/warehouse_autonomous_robo_picker/install/ros2_aruco_interfaces/lib/libros2_aruco_interfaces__rosidl_typesupport_fastrtps_cpp.so
[2.057s] -- Set runtime path of "/home/tej/Documents/CNH/DockerImages/glxgears/code/warehouse_autonomous_robo_picker/install/ros2_aruco_interfaces/lib/libros2_aruco_interfaces__rosidl_typesupport_fastrtps_cpp.so" to ""
[2.057s] -- Up-to-date: /home/tej/Documents/CNH/DockerImages/glxgears/code/warehouse_autonomous_robo_picker/install/ros2_aruco_interfaces/include/ros2_aruco_interfaces/ros2_aruco_interfaces
[2.057s] -- Up-to-date: /home/tej/Documents/CNH/DockerImages/glxgears/code/warehouse_autonomous_robo_picker/install/ros2_aruco_interfaces/include/ros2_aruco_interfaces/ros2_aruco_interfaces/msg
[2.057s] -- Up-to-date: /home/tej/Documents/CNH/DockerImages/glxgears/code/warehouse_autonomous_robo_picker/install/ros2_aruco_interfaces/include/ros2_aruco_interfaces/ros2_aruco_interfaces/msg/detail
[2.057s] -- Installing: /home/tej/Documents/CNH/DockerImages/glxgears/code/warehouse_autonomous_robo_picker/install/ros2_aruco_interfaces/include/ros2_aruco_interfaces/ros2_aruco_interfaces/msg/detail/aruco_markers__type_support.c
[2.057s] -- Installing: /home/tej/Documents/CNH/DockerImages/glxgears/code/warehouse_autonomous_robo_picker/install/ros2_aruco_interfaces/include/ros2_aruco_interfaces/ros2_aruco_interfaces/msg/detail/aruco_markers__rosidl_typesupport_introspection_c.h
[2.057s] -- Installing: /home/tej/Documents/CNH/DockerImages/glxgears/code/warehouse_autonomous_robo_picker/install/ros2_aruco_interfaces/include/ros2_aruco_interfaces/ros2_aruco_interfaces/msg/rosidl_typesupport_introspection_c__visibility_control.h
[2.057s] -- Installing: /home/tej/Documents/CNH/DockerImages/glxgears/code/warehouse_autonomous_robo_picker/install/ros2_aruco_interfaces/lib/libros2_aruco_interfaces__rosidl_typesupport_introspection_c.so
[2.057s] -- Set runtime path of "/home/tej/Documents/CNH/DockerImages/glxgears/code/warehouse_autonomous_robo_picker/install/ros2_aruco_interfaces/lib/libros2_aruco_interfaces__rosidl_typesupport_introspection_c.so" to ""
[2.057s] -- Installing: /home/tej/Documents/CNH/DockerImages/glxgears/code/warehouse_autonomous_robo_picker/install/ros2_aruco_interfaces/lib/libros2_aruco_interfaces__rosidl_typesupport_c.so
[2.057s] -- Set runtime path of "/home/tej/Documents/CNH/DockerImages/glxgears/code/warehouse_autonomous_robo_picker/install/ros2_aruco_interfaces/lib/libros2_aruco_interfaces__rosidl_typesupport_c.so" to ""
[2.057s] -- Up-to-date: /home/tej/Documents/CNH/DockerImages/glxgears/code/warehouse_autonomous_robo_picker/install/ros2_aruco_interfaces/include/ros2_aruco_interfaces/ros2_aruco_interfaces
[2.057s] -- Up-to-date: /home/tej/Documents/CNH/DockerImages/glxgears/code/warehouse_autonomous_robo_picker/install/ros2_aruco_interfaces/include/ros2_aruco_interfaces/ros2_aruco_interfaces/msg
[2.057s] -- Up-to-date: /home/tej/Documents/CNH/DockerImages/glxgears/code/warehouse_autonomous_robo_picker/install/ros2_aruco_interfaces/include/ros2_aruco_interfaces/ros2_aruco_interfaces/msg/detail
[2.057s] -- Installing: /home/tej/Documents/CNH/DockerImages/glxgears/code/warehouse_autonomous_robo_picker/install/ros2_aruco_interfaces/include/ros2_aruco_interfaces/ros2_aruco_interfaces/msg/detail/aruco_markers__type_support.cpp
[2.057s] -- Installing: /home/tej/Documents/CNH/DockerImages/glxgears/code/warehouse_autonomous_robo_picker/install/ros2_aruco_interfaces/include/ros2_aruco_interfaces/ros2_aruco_interfaces/msg/detail/aruco_markers__rosidl_typesupport_introspection_cpp.hpp
[2.057s] -- Installing: /home/tej/Documents/CNH/DockerImages/glxgears/code/warehouse_autonomous_robo_picker/install/ros2_aruco_interfaces/lib/libros2_aruco_interfaces__rosidl_typesupport_introspection_cpp.so
[2.057s] -- Set runtime path of "/home/tej/Documents/CNH/DockerImages/glxgears/code/warehouse_autonomous_robo_picker/install/ros2_aruco_interfaces/lib/libros2_aruco_interfaces__rosidl_typesupport_introspection_cpp.so" to ""
[2.058s] -- Installing: /home/tej/Documents/CNH/DockerImages/glxgears/code/warehouse_autonomous_robo_picker/install/ros2_aruco_interfaces/lib/libros2_aruco_interfaces__rosidl_typesupport_cpp.so
[2.058s] -- Set runtime path of "/home/tej/Documents/CNH/DockerImages/glxgears/code/warehouse_autonomous_robo_picker/install/ros2_aruco_interfaces/lib/libros2_aruco_interfaces__rosidl_typesupport_cpp.so" to ""
[2.058s] -- Installing: /home/tej/Documents/CNH/DockerImages/glxgears/code/warehouse_autonomous_robo_picker/install/ros2_aruco_interfaces/share/ros2_aruco_interfaces/environment/pythonpath.sh
[2.058s] -- Installing: /home/tej/Documents/CNH/DockerImages/glxgears/code/warehouse_autonomous_robo_picker/install/ros2_aruco_interfaces/share/ros2_aruco_interfaces/environment/pythonpath.dsv
[2.058s] -- Installing: /home/tej/Documents/CNH/DockerImages/glxgears/code/warehouse_autonomous_robo_picker/install/ros2_aruco_interfaces/local/lib/python3.10/dist-packages/ros2_aruco_interfaces-0.1.0-py3.10.egg-info
[2.058s] -- Installing: /home/tej/Documents/CNH/DockerImages/glxgears/code/warehouse_autonomous_robo_picker/install/ros2_aruco_interfaces/local/lib/python3.10/dist-packages/ros2_aruco_interfaces-0.1.0-py3.10.egg-info/PKG-INFO
[2.058s] -- Installing: /home/tej/Documents/CNH/DockerImages/glxgears/code/warehouse_autonomous_robo_picker/install/ros2_aruco_interfaces/local/lib/python3.10/dist-packages/ros2_aruco_interfaces-0.1.0-py3.10.egg-info/dependency_links.txt
[2.058s] -- Installing: /home/tej/Documents/CNH/DockerImages/glxgears/code/warehouse_autonomous_robo_picker/install/ros2_aruco_interfaces/local/lib/python3.10/dist-packages/ros2_aruco_interfaces-0.1.0-py3.10.egg-info/SOURCES.txt
[2.058s] -- Installing: /home/tej/Documents/CNH/DockerImages/glxgears/code/warehouse_autonomous_robo_picker/install/ros2_aruco_interfaces/local/lib/python3.10/dist-packages/ros2_aruco_interfaces-0.1.0-py3.10.egg-info/top_level.txt
[2.058s] -- Installing: /home/tej/Documents/CNH/DockerImages/glxgears/code/warehouse_autonomous_robo_picker/install/ros2_aruco_interfaces/local/lib/python3.10/dist-packages/ros2_aruco_interfaces
[2.058s] -- Installing: /home/tej/Documents/CNH/DockerImages/glxgears/code/warehouse_autonomous_robo_picker/install/ros2_aruco_interfaces/local/lib/python3.10/dist-packages/ros2_aruco_interfaces/ros2_aruco_interfaces_s__rosidl_typesupport_introspection_c.cpython-310-x86_64-linux-gnu.so
[2.058s] -- Installing: /home/tej/Documents/CNH/DockerImages/glxgears/code/warehouse_autonomous_robo_picker/install/ros2_aruco_interfaces/local/lib/python3.10/dist-packages/ros2_aruco_interfaces/ros2_aruco_interfaces_s__rosidl_typesupport_fastrtps_c.cpython-310-x86_64-linux-gnu.so
[2.058s] -- Installing: /home/tej/Documents/CNH/DockerImages/glxgears/code/warehouse_autonomous_robo_picker/install/ros2_aruco_interfaces/local/lib/python3.10/dist-packages/ros2_aruco_interfaces/_ros2_aruco_interfaces_s.ep.rosidl_typesupport_fastrtps_c.c
[2.059s] -- Installing: /home/tej/Documents/CNH/DockerImages/glxgears/code/warehouse_autonomous_robo_picker/install/ros2_aruco_interfaces/local/lib/python3.10/dist-packages/ros2_aruco_interfaces/_ros2_aruco_interfaces_s.ep.rosidl_typesupport_c.c
[2.059s] -- Installing: /home/tej/Documents/CNH/DockerImages/glxgears/code/warehouse_autonomous_robo_picker/install/ros2_aruco_interfaces/local/lib/python3.10/dist-packages/ros2_aruco_interfaces/ros2_aruco_interfaces_s__rosidl_typesupport_c.cpython-310-x86_64-linux-gnu.so
[2.059s] -- Installing: /home/tej/Documents/CNH/DockerImages/glxgears/code/warehouse_autonomous_robo_picker/install/ros2_aruco_interfaces/local/lib/python3.10/dist-packages/ros2_aruco_interfaces/libros2_aruco_interfaces__rosidl_generator_py.so
[2.059s] -- Installing: /home/tej/Documents/CNH/DockerImages/glxgears/code/warehouse_autonomous_robo_picker/install/ros2_aruco_interfaces/local/lib/python3.10/dist-packages/ros2_aruco_interfaces/msg
[2.059s] -- Installing: /home/tej/Documents/CNH/DockerImages/glxgears/code/warehouse_autonomous_robo_picker/install/ros2_aruco_interfaces/local/lib/python3.10/dist-packages/ros2_aruco_interfaces/msg/_aruco_markers_s.c
[2.059s] -- Installing: /home/tej/Documents/CNH/DockerImages/glxgears/code/warehouse_autonomous_robo_picker/install/ros2_aruco_interfaces/local/lib/python3.10/dist-packages/ros2_aruco_interfaces/msg/_aruco_markers.py
[2.059s] -- Installing: /home/tej/Documents/CNH/DockerImages/glxgears/code/warehouse_autonomous_robo_picker/install/ros2_aruco_interfaces/local/lib/python3.10/dist-packages/ros2_aruco_interfaces/msg/__init__.py
[2.059s] -- Installing: /home/tej/Documents/CNH/DockerImages/glxgears/code/warehouse_autonomous_robo_picker/install/ros2_aruco_interfaces/local/lib/python3.10/dist-packages/ros2_aruco_interfaces/__init__.py
[2.059s] -- Installing: /home/tej/Documents/CNH/DockerImages/glxgears/code/warehouse_autonomous_robo_picker/install/ros2_aruco_interfaces/local/lib/python3.10/dist-packages/ros2_aruco_interfaces/_ros2_aruco_interfaces_s.ep.rosidl_typesupport_introspection_c.c
[2.075s] Listing '/home/tej/Documents/CNH/DockerImages/glxgears/code/warehouse_autonomous_robo_picker/install/ros2_aruco_interfaces/local/lib/python3.10/dist-packages/ros2_aruco_interfaces'...
[2.076s] Compiling '/home/tej/Documents/CNH/DockerImages/glxgears/code/warehouse_autonomous_robo_picker/install/ros2_aruco_interfaces/local/lib/python3.10/dist-packages/ros2_aruco_interfaces/__init__.py'...
[2.076s] Listing '/home/tej/Documents/CNH/DockerImages/glxgears/code/warehouse_autonomous_robo_picker/install/ros2_aruco_interfaces/local/lib/python3.10/dist-packages/ros2_aruco_interfaces/msg'...
[2.076s] Compiling '/home/tej/Documents/CNH/DockerImages/glxgears/code/warehouse_autonomous_robo_picker/install/ros2_aruco_interfaces/local/lib/python3.10/dist-packages/ros2_aruco_interfaces/msg/__init__.py'...
[2.076s] Compiling '/home/tej/Documents/CNH/DockerImages/glxgears/code/warehouse_autonomous_robo_picker/install/ros2_aruco_interfaces/local/lib/python3.10/dist-packages/ros2_aruco_interfaces/msg/_aruco_markers.py'...
[2.078s] -- Installing: /home/tej/Documents/CNH/DockerImages/glxgears/code/warehouse_autonomous_robo_picker/install/ros2_aruco_interfaces/local/lib/python3.10/dist-packages/ros2_aruco_interfaces/ros2_aruco_interfaces_s__rosidl_typesupport_fastrtps_c.cpython-310-x86_64-linux-gnu.so
[2.078s] -- Set runtime path of "/home/tej/Documents/CNH/DockerImages/glxgears/code/warehouse_autonomous_robo_picker/install/ros2_aruco_interfaces/local/lib/python3.10/dist-packages/ros2_aruco_interfaces/ros2_aruco_interfaces_s__rosidl_typesupport_fastrtps_c.cpython-310-x86_64-linux-gnu.so" to ""
[2.078s] -- Installing: /home/tej/Documents/CNH/DockerImages/glxgears/code/warehouse_autonomous_robo_picker/install/ros2_aruco_interfaces/local/lib/python3.10/dist-packages/ros2_aruco_interfaces/ros2_aruco_interfaces_s__rosidl_typesupport_introspection_c.cpython-310-x86_64-linux-gnu.so
[2.078s] -- Set runtime path of "/home/tej/Documents/CNH/DockerImages/glxgears/code/warehouse_autonomous_robo_picker/install/ros2_aruco_interfaces/local/lib/python3.10/dist-packages/ros2_aruco_interfaces/ros2_aruco_interfaces_s__rosidl_typesupport_introspection_c.cpython-310-x86_64-linux-gnu.so" to ""
[2.078s] -- Installing: /home/tej/Documents/CNH/DockerImages/glxgears/code/warehouse_autonomous_robo_picker/install/ros2_aruco_interfaces/local/lib/python3.10/dist-packages/ros2_aruco_interfaces/ros2_aruco_interfaces_s__rosidl_typesupport_c.cpython-310-x86_64-linux-gnu.so
[2.078s] -- Set runtime path of "/home/tej/Documents/CNH/DockerImages/glxgears/code/warehouse_autonomous_robo_picker/install/ros2_aruco_interfaces/local/lib/python3.10/dist-packages/ros2_aruco_interfaces/ros2_aruco_interfaces_s__rosidl_typesupport_c.cpython-310-x86_64-linux-gnu.so" to ""
[2.078s] -- Installing: /home/tej/Documents/CNH/DockerImages/glxgears/code/warehouse_autonomous_robo_picker/install/ros2_aruco_interfaces/lib/libros2_aruco_interfaces__rosidl_generator_py.so
[2.079s] -- Set runtime path of "/home/tej/Documents/CNH/DockerImages/glxgears/code/warehouse_autonomous_robo_picker/install/ros2_aruco_interfaces/lib/libros2_aruco_interfaces__rosidl_generator_py.so" to ""
[2.079s] -- Installing: /home/tej/Documents/CNH/DockerImages/glxgears/code/warehouse_autonomous_robo_picker/install/ros2_aruco_interfaces/share/ros2_aruco_interfaces/msg/ArucoMarkers.idl
[2.079s] -- Installing: /home/tej/Documents/CNH/DockerImages/glxgears/code/warehouse_autonomous_robo_picker/install/ros2_aruco_interfaces/share/ros2_aruco_interfaces/msg/ArucoMarkers.msg
[2.079s] -- Installing: /home/tej/Documents/CNH/DockerImages/glxgears/code/warehouse_autonomous_robo_picker/install/ros2_aruco_interfaces/share/ament_index/resource_index/package_run_dependencies/ros2_aruco_interfaces
[2.079s] -- Installing: /home/tej/Documents/CNH/DockerImages/glxgears/code/warehouse_autonomous_robo_picker/install/ros2_aruco_interfaces/share/ament_index/resource_index/parent_prefix_path/ros2_aruco_interfaces
[2.079s] -- Installing: /home/tej/Documents/CNH/DockerImages/glxgears/code/warehouse_autonomous_robo_picker/install/ros2_aruco_interfaces/share/ros2_aruco_interfaces/environment/ament_prefix_path.sh
[2.079s] -- Installing: /home/tej/Documents/CNH/DockerImages/glxgears/code/warehouse_autonomous_robo_picker/install/ros2_aruco_interfaces/share/ros2_aruco_interfaces/environment/ament_prefix_path.dsv
[2.079s] -- Installing: /home/tej/Documents/CNH/DockerImages/glxgears/code/warehouse_autonomous_robo_picker/install/ros2_aruco_interfaces/share/ros2_aruco_interfaces/environment/path.sh
[2.079s] -- Installing: /home/tej/Documents/CNH/DockerImages/glxgears/code/warehouse_autonomous_robo_picker/install/ros2_aruco_interfaces/share/ros2_aruco_interfaces/environment/path.dsv
[2.079s] -- Installing: /home/tej/Documents/CNH/DockerImages/glxgears/code/warehouse_autonomous_robo_picker/install/ros2_aruco_interfaces/share/ros2_aruco_interfaces/local_setup.bash
[2.079s] -- Installing: /home/tej/Documents/CNH/DockerImages/glxgears/code/warehouse_autonomous_robo_picker/install/ros2_aruco_interfaces/share/ros2_aruco_interfaces/local_setup.sh
[2.079s] -- Installing: /home/tej/Documents/CNH/DockerImages/glxgears/code/warehouse_autonomous_robo_picker/install/ros2_aruco_interfaces/share/ros2_aruco_interfaces/local_setup.zsh
[2.079s] -- Installing: /home/tej/Documents/CNH/DockerImages/glxgears/code/warehouse_autonomous_robo_picker/install/ros2_aruco_interfaces/share/ros2_aruco_interfaces/local_setup.dsv
[2.079s] -- Installing: /home/tej/Documents/CNH/DockerImages/glxgears/code/warehouse_autonomous_robo_picker/install/ros2_aruco_interfaces/share/ros2_aruco_interfaces/package.dsv
[2.079s] -- Installing: /home/tej/Documents/CNH/DockerImages/glxgears/code/warehouse_autonomous_robo_picker/install/ros2_aruco_interfaces/share/ament_index/resource_index/packages/ros2_aruco_interfaces
[2.079s] -- Installing: /home/tej/Documents/CNH/DockerImages/glxgears/code/warehouse_autonomous_robo_picker/install/ros2_aruco_interfaces/share/ros2_aruco_interfaces/cmake/export_ros2_aruco_interfaces__rosidl_generator_cExport.cmake
[2.079s] -- Installing: /home/tej/Documents/CNH/DockerImages/glxgears/code/warehouse_autonomous_robo_picker/install/ros2_aruco_interfaces/share/ros2_aruco_interfaces/cmake/export_ros2_aruco_interfaces__rosidl_generator_cExport-noconfig.cmake
[2.080s] -- Installing: /home/tej/Documents/CNH/DockerImages/glxgears/code/warehouse_autonomous_robo_picker/install/ros2_aruco_interfaces/share/ros2_aruco_interfaces/cmake/export_ros2_aruco_interfaces__rosidl_typesupport_fastrtps_cExport.cmake
[2.080s] -- Installing: /home/tej/Documents/CNH/DockerImages/glxgears/code/warehouse_autonomous_robo_picker/install/ros2_aruco_interfaces/share/ros2_aruco_interfaces/cmake/export_ros2_aruco_interfaces__rosidl_typesupport_fastrtps_cExport-noconfig.cmake
[2.080s] -- Installing: /home/tej/Documents/CNH/DockerImages/glxgears/code/warehouse_autonomous_robo_picker/install/ros2_aruco_interfaces/share/ros2_aruco_interfaces/cmake/export_ros2_aruco_interfaces__rosidl_generator_cppExport.cmake
[2.080s] -- Installing: /home/tej/Documents/CNH/DockerImages/glxgears/code/warehouse_autonomous_robo_picker/install/ros2_aruco_interfaces/share/ros2_aruco_interfaces/cmake/export_ros2_aruco_interfaces__rosidl_typesupport_fastrtps_cppExport.cmake
[2.080s] -- Installing: /home/tej/Documents/CNH/DockerImages/glxgears/code/warehouse_autonomous_robo_picker/install/ros2_aruco_interfaces/share/ros2_aruco_interfaces/cmake/export_ros2_aruco_interfaces__rosidl_typesupport_fastrtps_cppExport-noconfig.cmake
[2.080s] -- Installing: /home/tej/Documents/CNH/DockerImages/glxgears/code/warehouse_autonomous_robo_picker/install/ros2_aruco_interfaces/share/ros2_aruco_interfaces/cmake/ros2_aruco_interfaces__rosidl_typesupport_introspection_cExport.cmake
[2.080s] -- Installing: /home/tej/Documents/CNH/DockerImages/glxgears/code/warehouse_autonomous_robo_picker/install/ros2_aruco_interfaces/share/ros2_aruco_interfaces/cmake/ros2_aruco_interfaces__rosidl_typesupport_introspection_cExport-noconfig.cmake
[2.080s] -- Installing: /home/tej/Documents/CNH/DockerImages/glxgears/code/warehouse_autonomous_robo_picker/install/ros2_aruco_interfaces/share/ros2_aruco_interfaces/cmake/ros2_aruco_interfaces__rosidl_typesupport_cExport.cmake
[2.080s] -- Installing: /home/tej/Documents/CNH/DockerImages/glxgears/code/warehouse_autonomous_robo_picker/install/ros2_aruco_interfaces/share/ros2_aruco_interfaces/cmake/ros2_aruco_interfaces__rosidl_typesupport_cExport-noconfig.cmake
[2.080s] -- Installing: /home/tej/Documents/CNH/DockerImages/glxgears/code/warehouse_autonomous_robo_picker/install/ros2_aruco_interfaces/share/ros2_aruco_interfaces/cmake/ros2_aruco_interfaces__rosidl_typesupport_introspection_cppExport.cmake
[2.080s] -- Installing: /home/tej/Documents/CNH/DockerImages/glxgears/code/warehouse_autonomous_robo_picker/install/ros2_aruco_interfaces/share/ros2_aruco_interfaces/cmake/ros2_aruco_interfaces__rosidl_typesupport_introspection_cppExport-noconfig.cmake
[2.080s] -- Installing: /home/tej/Documents/CNH/DockerImages/glxgears/code/warehouse_autonomous_robo_picker/install/ros2_aruco_interfaces/share/ros2_aruco_interfaces/cmake/ros2_aruco_interfaces__rosidl_typesupport_cppExport.cmake
[2.080s] -- Installing: /home/tej/Documents/CNH/DockerImages/glxgears/code/warehouse_autonomous_robo_picker/install/ros2_aruco_interfaces/share/ros2_aruco_interfaces/cmake/ros2_aruco_interfaces__rosidl_typesupport_cppExport-noconfig.cmake
[2.080s] -- Installing: /home/tej/Documents/CNH/DockerImages/glxgears/code/warehouse_autonomous_robo_picker/install/ros2_aruco_interfaces/share/ros2_aruco_interfaces/cmake/export_ros2_aruco_interfaces__rosidl_generator_pyExport.cmake
[2.080s] -- Installing: /home/tej/Documents/CNH/DockerImages/glxgears/code/warehouse_autonomous_robo_picker/install/ros2_aruco_interfaces/share/ros2_aruco_interfaces/cmake/export_ros2_aruco_interfaces__rosidl_generator_pyExport-noconfig.cmake
[2.080s] -- Installing: /home/tej/Documents/CNH/DockerImages/glxgears/code/warehouse_autonomous_robo_picker/install/ros2_aruco_interfaces/share/ros2_aruco_interfaces/cmake/rosidl_cmake-extras.cmake
[2.080s] -- Installing: /home/tej/Documents/CNH/DockerImages/glxgears/code/warehouse_autonomous_robo_picker/install/ros2_aruco_interfaces/share/ros2_aruco_interfaces/cmake/ament_cmake_export_dependencies-extras.cmake
[2.080s] -- Installing: /home/tej/Documents/CNH/DockerImages/glxgears/code/warehouse_autonomous_robo_picker/install/ros2_aruco_interfaces/share/ros2_aruco_interfaces/cmake/ament_cmake_export_include_directories-extras.cmake
[2.081s] -- Installing: /home/tej/Documents/CNH/DockerImages/glxgears/code/warehouse_autonomous_robo_picker/install/ros2_aruco_interfaces/share/ros2_aruco_interfaces/cmake/ament_cmake_export_libraries-extras.cmake
[2.081s] -- Installing: /home/tej/Documents/CNH/DockerImages/glxgears/code/warehouse_autonomous_robo_picker/install/ros2_aruco_interfaces/share/ros2_aruco_interfaces/cmake/ament_cmake_export_targets-extras.cmake
[2.081s] -- Installing: /home/tej/Documents/CNH/DockerImages/glxgears/code/warehouse_autonomous_robo_picker/install/ros2_aruco_interfaces/share/ros2_aruco_interfaces/cmake/rosidl_cmake_export_typesupport_targets-extras.cmake
[2.081s] -- Installing: /home/tej/Documents/CNH/DockerImages/glxgears/code/warehouse_autonomous_robo_picker/install/ros2_aruco_interfaces/share/ros2_aruco_interfaces/cmake/rosidl_cmake_export_typesupport_libraries-extras.cmake
[2.081s] -- Installing: /home/tej/Documents/CNH/DockerImages/glxgears/code/warehouse_autonomous_robo_picker/install/ros2_aruco_interfaces/share/ros2_aruco_interfaces/cmake/ros2_aruco_interfacesConfig.cmake
[2.081s] -- Installing: /home/tej/Documents/CNH/DockerImages/glxgears/code/warehouse_autonomous_robo_picker/install/ros2_aruco_interfaces/share/ros2_aruco_interfaces/cmake/ros2_aruco_interfacesConfig-version.cmake
[2.081s] -- Installing: /home/tej/Documents/CNH/DockerImages/glxgears/code/warehouse_autonomous_robo_picker/install/ros2_aruco_interfaces/share/ros2_aruco_interfaces/package.xml
[2.082s] Invoked command in '/home/tej/Documents/CNH/DockerImages/glxgears/code/warehouse_autonomous_robo_picker/build/ros2_aruco_interfaces' returned '0': CMAKE_PREFIX_PATH=/opt/ros/humble /usr/bin/cmake --install /home/tej/Documents/CNH/DockerImages/glxgears/code/warehouse_autonomous_robo_picker/build/ros2_aruco_interfaces
