[0.371s] Invoking command in '/home/tej/Documents/CNH/DockerImages/glxgears/code/warehouse_autonomous_robo_picker/src/ros2_aruco': PYTHONPATH=/home/tej/Documents/CNH/DockerImages/glxgears/code/warehouse_autonomous_robo_picker/build/ros2_aruco/prefix_override:/home/tej/Documents/CNH/DockerImages/glxgears/code/warehouse_autonomous_robo_picker/install/ros2_aruco/lib/python3.10/site-packages:${PYTHONPATH} /usr/bin/python3 setup.py egg_info --egg-base ../../build/ros2_aruco build --build-base /home/tej/Documents/CNH/DockerImages/glxgears/code/warehouse_autonomous_robo_picker/build/ros2_aruco/build install --record /home/tej/Documents/CNH/DockerImages/glxgears/code/warehouse_autonomous_robo_picker/build/ros2_aruco/install.log --single-version-externally-managed
[0.488s] running egg_info
[0.488s] creating ../../build/ros2_aruco/ros2_aruco.egg-info
[0.488s] writing ../../build/ros2_aruco/ros2_aruco.egg-info/PKG-INFO
[0.488s] writing dependency_links to ../../build/ros2_aruco/ros2_aruco.egg-info/dependency_links.txt
[0.488s] writing entry points to ../../build/ros2_aruco/ros2_aruco.egg-info/entry_points.txt
[0.488s] writing requirements to ../../build/ros2_aruco/ros2_aruco.egg-info/requires.txt
[0.488s] writing top-level names to ../../build/ros2_aruco/ros2_aruco.egg-info/top_level.txt
[0.488s] writing manifest file '../../build/ros2_aruco/ros2_aruco.egg-info/SOURCES.txt'
[0.489s] reading manifest file '../../build/ros2_aruco/ros2_aruco.egg-info/SOURCES.txt'
[0.489s] writing manifest file '../../build/ros2_aruco/ros2_aruco.egg-info/SOURCES.txt'
[0.489s] running build
[0.489s] running build_py
[0.489s] creating /home/tej/Documents/CNH/DockerImages/glxgears/code/warehouse_autonomous_robo_picker/build/ros2_aruco/build
[0.489s] creating /home/tej/Documents/CNH/DockerImages/glxgears/code/warehouse_autonomous_robo_picker/build/ros2_aruco/build/lib
[0.489s] creating /home/tej/Documents/CNH/DockerImages/glxgears/code/warehouse_autonomous_robo_picker/build/ros2_aruco/build/lib/ros2_aruco
[0.490s] copying ros2_aruco/aruco_generate_marker.py -> /home/tej/Documents/CNH/DockerImages/glxgears/code/warehouse_autonomous_robo_picker/build/ros2_aruco/build/lib/ros2_aruco
[0.490s] copying ros2_aruco/__init__.py -> /home/tej/Documents/CNH/DockerImages/glxgears/code/warehouse_autonomous_robo_picker/build/ros2_aruco/build/lib/ros2_aruco
[0.490s] copying ros2_aruco/aruco_node.py -> /home/tej/Documents/CNH/DockerImages/glxgears/code/warehouse_autonomous_robo_picker/build/ros2_aruco/build/lib/ros2_aruco
[0.490s] /usr/lib/python3/dist-packages/setuptools/command/install.py:34: SetuptoolsDeprecationWarning: setup.py install is deprecated. Use build and pip and other standards-based tools.
[0.490s]   warnings.warn(
[0.490s] running install
[0.490s] running install_lib
[0.490s] creating /home/tej/Documents/CNH/DockerImages/glxgears/code/warehouse_autonomous_robo_picker/install/ros2_aruco/lib/python3.10/site-packages/ros2_aruco
[0.490s] copying /home/tej/Documents/CNH/DockerImages/glxgears/code/warehouse_autonomous_robo_picker/build/ros2_aruco/build/lib/ros2_aruco/aruco_generate_marker.py -> /home/tej/Documents/CNH/DockerImages/glxgears/code/warehouse_autonomous_robo_picker/install/ros2_aruco/lib/python3.10/site-packages/ros2_aruco
[0.490s] copying /home/tej/Documents/CNH/DockerImages/glxgears/code/warehouse_autonomous_robo_picker/build/ros2_aruco/build/lib/ros2_aruco/__init__.py -> /home/tej/Documents/CNH/DockerImages/glxgears/code/warehouse_autonomous_robo_picker/install/ros2_aruco/lib/python3.10/site-packages/ros2_aruco
[0.490s] copying /home/tej/Documents/CNH/DockerImages/glxgears/code/warehouse_autonomous_robo_picker/build/ros2_aruco/build/lib/ros2_aruco/aruco_node.py -> /home/tej/Documents/CNH/DockerImages/glxgears/code/warehouse_autonomous_robo_picker/install/ros2_aruco/lib/python3.10/site-packages/ros2_aruco
[0.491s] byte-compiling /home/tej/Documents/CNH/DockerImages/glxgears/code/warehouse_autonomous_robo_picker/install/ros2_aruco/lib/python3.10/site-packages/ros2_aruco/aruco_generate_marker.py to aruco_generate_marker.cpython-310.pyc
[0.491s] byte-compiling /home/tej/Documents/CNH/DockerImages/glxgears/code/warehouse_autonomous_robo_picker/install/ros2_aruco/lib/python3.10/site-packages/ros2_aruco/__init__.py to __init__.cpython-310.pyc
[0.491s] byte-compiling /home/tej/Documents/CNH/DockerImages/glxgears/code/warehouse_autonomous_robo_picker/install/ros2_aruco/lib/python3.10/site-packages/ros2_aruco/aruco_node.py to aruco_node.cpython-310.pyc
[0.491s] running install_data
[0.492s] creating /home/tej/Documents/CNH/DockerImages/glxgears/code/warehouse_autonomous_robo_picker/install/ros2_aruco/share/ament_index
[0.492s] creating /home/tej/Documents/CNH/DockerImages/glxgears/code/warehouse_autonomous_robo_picker/install/ros2_aruco/share/ament_index/resource_index
[0.492s] creating /home/tej/Documents/CNH/DockerImages/glxgears/code/warehouse_autonomous_robo_picker/install/ros2_aruco/share/ament_index/resource_index/packages
[0.492s] copying resource/ros2_aruco -> /home/tej/Documents/CNH/DockerImages/glxgears/code/warehouse_autonomous_robo_picker/install/ros2_aruco/share/ament_index/resource_index/packages
[0.492s] copying package.xml -> /home/tej/Documents/CNH/DockerImages/glxgears/code/warehouse_autonomous_robo_picker/install/ros2_aruco/share/ros2_aruco
[0.492s] creating /home/tej/Documents/CNH/DockerImages/glxgears/code/warehouse_autonomous_robo_picker/install/ros2_aruco/share/ros2_aruco/launch
[0.492s] copying launch/aruco_recognition.launch.py -> /home/tej/Documents/CNH/DockerImages/glxgears/code/warehouse_autonomous_robo_picker/install/ros2_aruco/share/ros2_aruco/launch
[0.492s] creating /home/tej/Documents/CNH/DockerImages/glxgears/code/warehouse_autonomous_robo_picker/install/ros2_aruco/share/ros2_aruco/config
[0.492s] copying config/aruco_parameters.yaml -> /home/tej/Documents/CNH/DockerImages/glxgears/code/warehouse_autonomous_robo_picker/install/ros2_aruco/share/ros2_aruco/config
[0.492s] running install_egg_info
[0.493s] Copying ../../build/ros2_aruco/ros2_aruco.egg-info to /home/tej/Documents/CNH/DockerImages/glxgears/code/warehouse_autonomous_robo_picker/install/ros2_aruco/lib/python3.10/site-packages/ros2_aruco-0.1.0-py3.10.egg-info
[0.493s] running install_scripts
[0.504s] Installing aruco_generate_marker script to /home/tej/Documents/CNH/DockerImages/glxgears/code/warehouse_autonomous_robo_picker/install/ros2_aruco/lib/ros2_aruco
[0.504s] Installing aruco_node script to /home/tej/Documents/CNH/DockerImages/glxgears/code/warehouse_autonomous_robo_picker/install/ros2_aruco/lib/ros2_aruco
[0.504s] writing list of installed files to '/home/tej/Documents/CNH/DockerImages/glxgears/code/warehouse_autonomous_robo_picker/build/ros2_aruco/install.log'
[0.520s] Invoked command in '/home/tej/Documents/CNH/DockerImages/glxgears/code/warehouse_autonomous_robo_picker/src/ros2_aruco' returned '0': PYTHONPATH=/home/tej/Documents/CNH/DockerImages/glxgears/code/warehouse_autonomous_robo_picker/build/ros2_aruco/prefix_override:/home/tej/Documents/CNH/DockerImages/glxgears/code/warehouse_autonomous_robo_picker/install/ros2_aruco/lib/python3.10/site-packages:${PYTHONPATH} /usr/bin/python3 setup.py egg_info --egg-base ../../build/ros2_aruco build --build-base /home/tej/Documents/CNH/DockerImages/glxgears/code/warehouse_autonomous_robo_picker/build/ros2_aruco/build install --record /home/tej/Documents/CNH/DockerImages/glxgears/code/warehouse_autonomous_robo_picker/build/ros2_aruco/install.log --single-version-externally-managed
