-- The C compiler identification is GNU 11.4.0
-- The CXX compiler identification is GNU 11.4.0
-- Detecting C compiler ABI info
-- Detecting C compiler ABI info - done
-- Check for working C compiler: /usr/bin/cc - skipped
-- Detecting C compile features
-- Detecting C compile features - done
-- Detecting CXX compiler ABI info
-- Detecting CXX compiler ABI info - done
-- Check for working CXX compiler: /usr/bin/c++ - skipped
-- Detecting CXX compile features
-- Detecting CXX compile features - done
-- Found ament_cmake: 1.3.6 (/opt/ros/humble/share/ament_cmake/cmake)
-- Found Python3: /usr/bin/python3.10 (found version "3.10.12") found components: Interpreter 
-- Found rclcpp: 16.0.7 (/opt/ros/humble/share/rclcpp/cmake)
-- Found rosidl_generator_c: 3.1.5 (/opt/ros/humble/share/rosidl_generator_c/cmake)
-- Found rosidl_adapter: 3.1.5 (/opt/ros/humble/share/rosidl_adapter/cmake)
-- Found rosidl_generator_cpp: 3.1.5 (/opt/ros/humble/share/rosidl_generator_cpp/cmake)
-- Using all available rosidl_typesupport_c: rosidl_typesupport_fastrtps_c;rosidl_typesupport_introspection_c
-- Using all available rosidl_typesupport_cpp: rosidl_typesupport_fastrtps_cpp;rosidl_typesupport_introspection_cpp
-- Found rmw_implementation_cmake: 6.1.1 (/opt/ros/humble/share/rmw_implementation_cmake/cmake)
-- Found rmw_cyclonedds_cpp: 1.3.4 (/opt/ros/humble/share/rmw_cyclonedds_cpp/cmake)
-- Using RMW implementation 'rmw_cyclonedds_cpp' as default
-- Looking for pthread.h
-- Looking for pthread.h - found
-- Performing Test CMAKE_HAVE_LIBC_PTHREAD
-- Performing Test CMAKE_HAVE_LIBC_PTHREAD - Success
-- Found Threads: TRUE  
-- Found ros2_control: 2.36.0 (/opt/ros/humble/share/ros2_control/cmake)
-- Found ament_lint_auto: 0.12.9 (/opt/ros/humble/share/ament_lint_auto/cmake)
-- Added test 'flake8' to check Python code syntax and style conventions
-- Added test 'lint_cmake' to check CMake code style
-- Added test 'pep257' to check Python code against some of the docstring style conventions in PEP 257
-- Added test 'xmllint' to check XML markup files
-- Configuring done
-- Generating done
-- Build files have been written to: /home/tej/Documents/CNH/DockerImages/glxgears/code/warehouse_autonomous_robo_picker/build/ropisim
-- Install configuration: ""
-- Installing: /home/tej/Documents/CNH/DockerImages/glxgears/code/warehouse_autonomous_robo_picker/install/ropisim/share/ropisim/launch
-- Installing: /home/tej/Documents/CNH/DockerImages/glxgears/code/warehouse_autonomous_robo_picker/install/ropisim/share/ropisim/launch/display_gazebo.launch.py
-- Installing: /home/tej/Documents/CNH/DockerImages/glxgears/code/warehouse_autonomous_robo_picker/install/ropisim/share/ropisim/launch/gazebo_nav.launch.py
-- Installing: /home/tej/Documents/CNH/DockerImages/glxgears/code/warehouse_autonomous_robo_picker/install/ropisim/share/ropisim/launch/__pycache__
-- Installing: /home/tej/Documents/CNH/DockerImages/glxgears/code/warehouse_autonomous_robo_picker/install/ropisim/share/ropisim/launch/__pycache__/display_gazebo.launch.cpython-310.pyc
-- Installing: /home/tej/Documents/CNH/DockerImages/glxgears/code/warehouse_autonomous_robo_picker/install/ropisim/share/ropisim/world
-- Installing: /home/tej/Documents/CNH/DockerImages/glxgears/code/warehouse_autonomous_robo_picker/install/ropisim/share/ropisim/world/my_world.sdf
-- Installing: /home/tej/Documents/CNH/DockerImages/glxgears/code/warehouse_autonomous_robo_picker/install/ropisim/share/ropisim/world/LICENSE
-- Installing: /home/tej/Documents/CNH/DockerImages/glxgears/code/warehouse_autonomous_robo_picker/install/ropisim/share/ropisim/world/my_world.world
-- Installing: /home/tej/Documents/CNH/DockerImages/glxgears/code/warehouse_autonomous_robo_picker/install/ropisim/share/ropisim/rviz
-- Installing: /home/tej/Documents/CNH/DockerImages/glxgears/code/warehouse_autonomous_robo_picker/install/ropisim/share/ropisim/rviz/nav.rviz
-- Installing: /home/tej/Documents/CNH/DockerImages/glxgears/code/warehouse_autonomous_robo_picker/install/ropisim/share/ropisim/urdf
-- Installing: /home/tej/Documents/CNH/DockerImages/glxgears/code/warehouse_autonomous_robo_picker/install/ropisim/share/ropisim/urdf/box_bot.urdf
-- Installing: /home/tej/Documents/CNH/DockerImages/glxgears/code/warehouse_autonomous_robo_picker/install/ropisim/share/ropisim/model
-- Installing: /home/tej/Documents/CNH/DockerImages/glxgears/code/warehouse_autonomous_robo_picker/install/ropisim/share/ropisim/model/gazebo_aruco_box
-- Installing: /home/tej/Documents/CNH/DockerImages/glxgears/code/warehouse_autonomous_robo_picker/install/ropisim/share/ropisim/model/gazebo_aruco_box/aruco_box
-- Installing: /home/tej/Documents/CNH/DockerImages/glxgears/code/warehouse_autonomous_robo_picker/install/ropisim/share/ropisim/model/gazebo_aruco_box/aruco_box/model.sdf
-- Installing: /home/tej/Documents/CNH/DockerImages/glxgears/code/warehouse_autonomous_robo_picker/install/ropisim/share/ropisim/model/gazebo_aruco_box/aruco_box/model.dae
-- Installing: /home/tej/Documents/CNH/DockerImages/glxgears/code/warehouse_autonomous_robo_picker/install/ropisim/share/ropisim/model/gazebo_aruco_box/aruco_box/materials
-- Installing: /home/tej/Documents/CNH/DockerImages/glxgears/code/warehouse_autonomous_robo_picker/install/ropisim/share/ropisim/model/gazebo_aruco_box/aruco_box/materials/textures
-- Installing: /home/tej/Documents/CNH/DockerImages/glxgears/code/warehouse_autonomous_robo_picker/install/ropisim/share/ropisim/model/gazebo_aruco_box/aruco_box/materials/textures/marker_tiles_square.png
-- Installing: /home/tej/Documents/CNH/DockerImages/glxgears/code/warehouse_autonomous_robo_picker/install/ropisim/share/ropisim/model/gazebo_aruco_box/aruco_box/model.config
-- Installing: /home/tej/Documents/CNH/DockerImages/glxgears/code/warehouse_autonomous_robo_picker/install/ropisim/share/ropisim/model/gazebo_aruco_box/aruco_box/aruco_marker.blend
-- Installing: /home/tej/Documents/CNH/DockerImages/glxgears/code/warehouse_autonomous_robo_picker/install/ropisim/share/ropisim/model/gazebo_aruco_box/LICENSE
-- Installing: /home/tej/Documents/CNH/DockerImages/glxgears/code/warehouse_autonomous_robo_picker/install/ropisim/share/ropisim/model/gazebo_aruco_box/README.md
-- Installing: /home/tej/Documents/CNH/DockerImages/glxgears/code/warehouse_autonomous_robo_picker/install/ropisim/share/ropisim/config
-- Installing: /home/tej/Documents/CNH/DockerImages/glxgears/code/warehouse_autonomous_robo_picker/install/ropisim/share/ropisim/config/control.yaml
-- Installing: /home/tej/Documents/CNH/DockerImages/glxgears/code/warehouse_autonomous_robo_picker/install/ropisim/share/ament_index/resource_index/package_run_dependencies/ropisim
-- Installing: /home/tej/Documents/CNH/DockerImages/glxgears/code/warehouse_autonomous_robo_picker/install/ropisim/share/ament_index/resource_index/parent_prefix_path/ropisim
-- Installing: /home/tej/Documents/CNH/DockerImages/glxgears/code/warehouse_autonomous_robo_picker/install/ropisim/share/ropisim/environment/ament_prefix_path.sh
-- Installing: /home/tej/Documents/CNH/DockerImages/glxgears/code/warehouse_autonomous_robo_picker/install/ropisim/share/ropisim/environment/ament_prefix_path.dsv
-- Installing: /home/tej/Documents/CNH/DockerImages/glxgears/code/warehouse_autonomous_robo_picker/install/ropisim/share/ropisim/environment/path.sh
-- Installing: /home/tej/Documents/CNH/DockerImages/glxgears/code/warehouse_autonomous_robo_picker/install/ropisim/share/ropisim/environment/path.dsv
-- Installing: /home/tej/Documents/CNH/DockerImages/glxgears/code/warehouse_autonomous_robo_picker/install/ropisim/share/ropisim/local_setup.bash
-- Installing: /home/tej/Documents/CNH/DockerImages/glxgears/code/warehouse_autonomous_robo_picker/install/ropisim/share/ropisim/local_setup.sh
-- Installing: /home/tej/Documents/CNH/DockerImages/glxgears/code/warehouse_autonomous_robo_picker/install/ropisim/share/ropisim/local_setup.zsh
-- Installing: /home/tej/Documents/CNH/DockerImages/glxgears/code/warehouse_autonomous_robo_picker/install/ropisim/share/ropisim/local_setup.dsv
-- Installing: /home/tej/Documents/CNH/DockerImages/glxgears/code/warehouse_autonomous_robo_picker/install/ropisim/share/ropisim/package.dsv
-- Installing: /home/tej/Documents/CNH/DockerImages/glxgears/code/warehouse_autonomous_robo_picker/install/ropisim/share/ament_index/resource_index/packages/ropisim
-- Installing: /home/tej/Documents/CNH/DockerImages/glxgears/code/warehouse_autonomous_robo_picker/install/ropisim/share/ropisim/cmake/ropisimConfig.cmake
-- Installing: /home/tej/Documents/CNH/DockerImages/glxgears/code/warehouse_autonomous_robo_picker/install/ropisim/share/ropisim/cmake/ropisimConfig-version.cmake
-- Installing: /home/tej/Documents/CNH/DockerImages/glxgears/code/warehouse_autonomous_robo_picker/install/ropisim/share/ropisim/package.xml
