[0.092s] Invoking command in '/home/tej/Documents/CNH/DockerImages/glxgears/code/warehouse_autonomous_robo_picker/build/ropisim': CMAKE_PREFIX_PATH=/opt/ros/humble /usr/bin/cmake /home/tej/Documents/CNH/DockerImages/glxgears/code/warehouse_autonomous_robo_picker/src/ropisim -DCMAKE_INSTALL_PREFIX=/home/tej/Documents/CNH/DockerImages/glxgears/code/warehouse_autonomous_robo_picker/install/ropisim
[0.238s] -- The C compiler identification is GNU 11.4.0
[0.238s] -- The CXX compiler identification is GNU 11.4.0
[0.238s] -- Detecting C compiler ABI info
[0.238s] -- Detecting C compiler ABI info - done
[0.238s] -- Check for working C compiler: /usr/bin/cc - skipped
[0.238s] -- Detecting C compile features
[0.238s] -- Detecting C compile features - done
[0.238s] -- Detecting CXX compiler ABI info
[0.238s] -- Detecting CXX compiler ABI info - done
[0.238s] -- Check for working CXX compiler: /usr/bin/c++ - skipped
[0.238s] -- Detecting CXX compile features
[0.238s] -- Detecting CXX compile features - done
[0.238s] -- Found ament_cmake: 1.3.6 (/opt/ros/humble/share/ament_cmake/cmake)
[0.320s] -- Found Python3: /usr/bin/python3.10 (found version "3.10.12") found components: Interpreter 
[0.363s] -- Found rclcpp: 16.0.7 (/opt/ros/humble/share/rclcpp/cmake)
[0.387s] -- Found rosidl_generator_c: 3.1.5 (/opt/ros/humble/share/rosidl_generator_c/cmake)
[0.390s] -- Found rosidl_adapter: 3.1.5 (/opt/ros/humble/share/rosidl_adapter/cmake)
[0.394s] -- Found rosidl_generator_cpp: 3.1.5 (/opt/ros/humble/share/rosidl_generator_cpp/cmake)
[0.402s] -- Using all available rosidl_typesupport_c: rosidl_typesupport_fastrtps_c;rosidl_typesupport_introspection_c
[0.413s] -- Using all available rosidl_typesupport_cpp: rosidl_typesupport_fastrtps_cpp;rosidl_typesupport_introspection_cpp
[0.452s] -- Found rmw_implementation_cmake: 6.1.1 (/opt/ros/humble/share/rmw_implementation_cmake/cmake)
[0.453s] -- Found rmw_cyclonedds_cpp: 1.3.4 (/opt/ros/humble/share/rmw_cyclonedds_cpp/cmake)
[0.471s] -- Using RMW implementation 'rmw_cyclonedds_cpp' as default
[0.477s] -- Looking for pthread.h
[0.514s] -- Looking for pthread.h - found
[0.514s] -- Performing Test CMAKE_HAVE_LIBC_PTHREAD
[0.552s] -- Performing Test CMAKE_HAVE_LIBC_PTHREAD - Success
[0.552s] -- Found Threads: TRUE  
[0.637s] -- Found ros2_control: 2.36.0 (/opt/ros/humble/share/ros2_control/cmake)
[0.638s] -- Found ament_lint_auto: 0.12.9 (/opt/ros/humble/share/ament_lint_auto/cmake)
[0.677s] -- Added test 'flake8' to check Python code syntax and style conventions
[0.678s] -- Added test 'lint_cmake' to check CMake code style
[0.678s] -- Added test 'pep257' to check Python code against some of the docstring style conventions in PEP 257
[0.679s] -- Added test 'xmllint' to check XML markup files
[0.679s] -- Configuring done
[0.681s] -- Generating done
[0.682s] -- Build files have been written to: /home/tej/Documents/CNH/DockerImages/glxgears/code/warehouse_autonomous_robo_picker/build/ropisim
[0.687s] Invoked command in '/home/tej/Documents/CNH/DockerImages/glxgears/code/warehouse_autonomous_robo_picker/build/ropisim' returned '0': CMAKE_PREFIX_PATH=/opt/ros/humble /usr/bin/cmake /home/tej/Documents/CNH/DockerImages/glxgears/code/warehouse_autonomous_robo_picker/src/ropisim -DCMAKE_INSTALL_PREFIX=/home/tej/Documents/CNH/DockerImages/glxgears/code/warehouse_autonomous_robo_picker/install/ropisim
[0.689s] Invoking command in '/home/tej/Documents/CNH/DockerImages/glxgears/code/warehouse_autonomous_robo_picker/build/ropisim': CMAKE_PREFIX_PATH=/opt/ros/humble /usr/bin/cmake --build /home/tej/Documents/CNH/DockerImages/glxgears/code/warehouse_autonomous_robo_picker/build/ropisim -- -j32 -l32
[0.709s] Invoked command in '/home/tej/Documents/CNH/DockerImages/glxgears/code/warehouse_autonomous_robo_picker/build/ropisim' returned '0': CMAKE_PREFIX_PATH=/opt/ros/humble /usr/bin/cmake --build /home/tej/Documents/CNH/DockerImages/glxgears/code/warehouse_autonomous_robo_picker/build/ropisim -- -j32 -l32
[0.720s] Invoking command in '/home/tej/Documents/CNH/DockerImages/glxgears/code/warehouse_autonomous_robo_picker/build/ropisim': CMAKE_PREFIX_PATH=/opt/ros/humble /usr/bin/cmake --install /home/tej/Documents/CNH/DockerImages/glxgears/code/warehouse_autonomous_robo_picker/build/ropisim
[0.724s] -- Install configuration: ""
[0.724s] -- Installing: /home/tej/Documents/CNH/DockerImages/glxgears/code/warehouse_autonomous_robo_picker/install/ropisim/share/ropisim/launch
[0.724s] -- Installing: /home/tej/Documents/CNH/DockerImages/glxgears/code/warehouse_autonomous_robo_picker/install/ropisim/share/ropisim/launch/display_gazebo.launch.py
[0.724s] -- Installing: /home/tej/Documents/CNH/DockerImages/glxgears/code/warehouse_autonomous_robo_picker/install/ropisim/share/ropisim/launch/gazebo_nav.launch.py
[0.724s] -- Installing: /home/tej/Documents/CNH/DockerImages/glxgears/code/warehouse_autonomous_robo_picker/install/ropisim/share/ropisim/launch/__pycache__
[0.724s] -- Installing: /home/tej/Documents/CNH/DockerImages/glxgears/code/warehouse_autonomous_robo_picker/install/ropisim/share/ropisim/launch/__pycache__/display_gazebo.launch.cpython-310.pyc
[0.724s] -- Installing: /home/tej/Documents/CNH/DockerImages/glxgears/code/warehouse_autonomous_robo_picker/install/ropisim/share/ropisim/world
[0.724s] -- Installing: /home/tej/Documents/CNH/DockerImages/glxgears/code/warehouse_autonomous_robo_picker/install/ropisim/share/ropisim/world/my_world.sdf
[0.724s] -- Installing: /home/tej/Documents/CNH/DockerImages/glxgears/code/warehouse_autonomous_robo_picker/install/ropisim/share/ropisim/world/LICENSE
[0.724s] -- Installing: /home/tej/Documents/CNH/DockerImages/glxgears/code/warehouse_autonomous_robo_picker/install/ropisim/share/ropisim/world/my_world.world
[0.724s] -- Installing: /home/tej/Documents/CNH/DockerImages/glxgears/code/warehouse_autonomous_robo_picker/install/ropisim/share/ropisim/rviz
[0.725s] -- Installing: /home/tej/Documents/CNH/DockerImages/glxgears/code/warehouse_autonomous_robo_picker/install/ropisim/share/ropisim/rviz/nav.rviz
[0.725s] -- Installing: /home/tej/Documents/CNH/DockerImages/glxgears/code/warehouse_autonomous_robo_picker/install/ropisim/share/ropisim/urdf
[0.725s] -- Installing: /home/tej/Documents/CNH/DockerImages/glxgears/code/warehouse_autonomous_robo_picker/install/ropisim/share/ropisim/urdf/box_bot.urdf
[0.725s] -- Installing: /home/tej/Documents/CNH/DockerImages/glxgears/code/warehouse_autonomous_robo_picker/install/ropisim/share/ropisim/model
[0.725s] -- Installing: /home/tej/Documents/CNH/DockerImages/glxgears/code/warehouse_autonomous_robo_picker/install/ropisim/share/ropisim/model/gazebo_aruco_box
[0.725s] -- Installing: /home/tej/Documents/CNH/DockerImages/glxgears/code/warehouse_autonomous_robo_picker/install/ropisim/share/ropisim/model/gazebo_aruco_box/aruco_box
[0.725s] -- Installing: /home/tej/Documents/CNH/DockerImages/glxgears/code/warehouse_autonomous_robo_picker/install/ropisim/share/ropisim/model/gazebo_aruco_box/aruco_box/model.sdf
[0.725s] -- Installing: /home/tej/Documents/CNH/DockerImages/glxgears/code/warehouse_autonomous_robo_picker/install/ropisim/share/ropisim/model/gazebo_aruco_box/aruco_box/model.dae
[0.725s] -- Installing: /home/tej/Documents/CNH/DockerImages/glxgears/code/warehouse_autonomous_robo_picker/install/ropisim/share/ropisim/model/gazebo_aruco_box/aruco_box/materials
[0.725s] -- Installing: /home/tej/Documents/CNH/DockerImages/glxgears/code/warehouse_autonomous_robo_picker/install/ropisim/share/ropisim/model/gazebo_aruco_box/aruco_box/materials/textures
[0.725s] -- Installing: /home/tej/Documents/CNH/DockerImages/glxgears/code/warehouse_autonomous_robo_picker/install/ropisim/share/ropisim/model/gazebo_aruco_box/aruco_box/materials/textures/marker_tiles_square.png
[0.725s] -- Installing: /home/tej/Documents/CNH/DockerImages/glxgears/code/warehouse_autonomous_robo_picker/install/ropisim/share/ropisim/model/gazebo_aruco_box/aruco_box/model.config
[0.725s] -- Installing: /home/tej/Documents/CNH/DockerImages/glxgears/code/warehouse_autonomous_robo_picker/install/ropisim/share/ropisim/model/gazebo_aruco_box/aruco_box/aruco_marker.blend
[0.725s] -- Installing: /home/tej/Documents/CNH/DockerImages/glxgears/code/warehouse_autonomous_robo_picker/install/ropisim/share/ropisim/model/gazebo_aruco_box/LICENSE
[0.725s] -- Installing: /home/tej/Documents/CNH/DockerImages/glxgears/code/warehouse_autonomous_robo_picker/install/ropisim/share/ropisim/model/gazebo_aruco_box/README.md
[0.725s] -- Installing: /home/tej/Documents/CNH/DockerImages/glxgears/code/warehouse_autonomous_robo_picker/install/ropisim/share/ropisim/config
[0.725s] -- Installing: /home/tej/Documents/CNH/DockerImages/glxgears/code/warehouse_autonomous_robo_picker/install/ropisim/share/ropisim/config/control.yaml
[0.725s] -- Installing: /home/tej/Documents/CNH/DockerImages/glxgears/code/warehouse_autonomous_robo_picker/install/ropisim/share/ament_index/resource_index/package_run_dependencies/ropisim
[0.726s] -- Installing: /home/tej/Documents/CNH/DockerImages/glxgears/code/warehouse_autonomous_robo_picker/install/ropisim/share/ament_index/resource_index/parent_prefix_path/ropisim
[0.726s] -- Installing: /home/tej/Documents/CNH/DockerImages/glxgears/code/warehouse_autonomous_robo_picker/install/ropisim/share/ropisim/environment/ament_prefix_path.sh
[0.726s] -- Installing: /home/tej/Documents/CNH/DockerImages/glxgears/code/warehouse_autonomous_robo_picker/install/ropisim/share/ropisim/environment/ament_prefix_path.dsv
[0.726s] -- Installing: /home/tej/Documents/CNH/DockerImages/glxgears/code/warehouse_autonomous_robo_picker/install/ropisim/share/ropisim/environment/path.sh
[0.726s] -- Installing: /home/tej/Documents/CNH/DockerImages/glxgears/code/warehouse_autonomous_robo_picker/install/ropisim/share/ropisim/environment/path.dsv
[0.726s] -- Installing: /home/tej/Documents/CNH/DockerImages/glxgears/code/warehouse_autonomous_robo_picker/install/ropisim/share/ropisim/local_setup.bash
[0.726s] -- Installing: /home/tej/Documents/CNH/DockerImages/glxgears/code/warehouse_autonomous_robo_picker/install/ropisim/share/ropisim/local_setup.sh
[0.726s] -- Installing: /home/tej/Documents/CNH/DockerImages/glxgears/code/warehouse_autonomous_robo_picker/install/ropisim/share/ropisim/local_setup.zsh
[0.726s] -- Installing: /home/tej/Documents/CNH/DockerImages/glxgears/code/warehouse_autonomous_robo_picker/install/ropisim/share/ropisim/local_setup.dsv
[0.726s] -- Installing: /home/tej/Documents/CNH/DockerImages/glxgears/code/warehouse_autonomous_robo_picker/install/ropisim/share/ropisim/package.dsv
[0.726s] -- Installing: /home/tej/Documents/CNH/DockerImages/glxgears/code/warehouse_autonomous_robo_picker/install/ropisim/share/ament_index/resource_index/packages/ropisim
[0.726s] -- Installing: /home/tej/Documents/CNH/DockerImages/glxgears/code/warehouse_autonomous_robo_picker/install/ropisim/share/ropisim/cmake/ropisimConfig.cmake
[0.726s] -- Installing: /home/tej/Documents/CNH/DockerImages/glxgears/code/warehouse_autonomous_robo_picker/install/ropisim/share/ropisim/cmake/ropisimConfig-version.cmake
[0.726s] -- Installing: /home/tej/Documents/CNH/DockerImages/glxgears/code/warehouse_autonomous_robo_picker/install/ropisim/share/ropisim/package.xml
[0.727s] Invoked command in '/home/tej/Documents/CNH/DockerImages/glxgears/code/warehouse_autonomous_robo_picker/build/ropisim' returned '0': CMAKE_PREFIX_PATH=/opt/ros/humble /usr/bin/cmake --install /home/tej/Documents/CNH/DockerImages/glxgears/code/warehouse_autonomous_robo_picker/build/ropisim
